
> billingApp@1.0.0 build
> webpack --mode production

asset [1m[32m21.js[39m[22m 8.36 KiB [1m[32m[emitted][39m[22m [1m[32m[minimized][39m[22m 2 related assets
asset [1m[32m115.js[39m[22m 7.24 KiB [1m[32m[emitted][39m[22m [1m[32m[minimized][39m[22m 2 related assets
asset [1m[32mmain.js[39m[22m 5.04 KiB [1m[32m[emitted][39m[22m [1m[32m[minimized][39m[22m (name: main) 1 related asset
asset [1m[32mremoteEntry.js[39m[22m 4.61 KiB [1m[32m[emitted][39m[22m [1m[32m[minimized][39m[22m (name: billingApp) 1 related asset
asset [1m[32mindex.html[39m[22m 182 bytes [1m[33m[compared for emit][39m[22m
runtime modules 21.7 KiB 26 modules
orphan modules 2.08 KiB [1m[33m[orphan][39m[22m 1 module
built modules 10.7 KiB (javascript) 18 bytes (remote) 18 bytes (share-init) [1m[33m[built][39m[22m
  javascript modules 10.7 KiB
    cacheable modules 10.6 KiB
      modules by path [1m../../node_modules/react/[39m[22m 7.98 KiB 4 modules
      modules by path [1m./src/[39m[22m 2.61 KiB 3 modules
    [1mcontainer entry[39m[22m 42 bytes [1m[33m[built][39m[22m [1m[33m[code generated][39m[22m
    [1mexternal "lib@http://localhost:3000/remoteEntry.js"[39m[22m 42 bytes [1m[33m[built][39m[22m [1m[33m[code generated][39m[22m
    [1mexternal "rateApp@http://localhost:3002/remoteEntry.js"[39m[22m 42 bytes [1m[33m[built][39m[22m [1m[33m[code generated][39m[22m
  remote-module modules 18 bytes (remote) 18 bytes (share-init)
    [1mremote lib/react[39m[22m 6 bytes (remote) 6 bytes (share-init) [1m[33m[built][39m[22m [1m[33m[code generated][39m[22m
    [1mremote lib/react-dom[39m[22m 6 bytes (remote) 6 bytes (share-init) [1m[33m[built][39m[22m [1m[33m[code generated][39m[22m
    [1mremote rateApp/rate[39m[22m 6 bytes (remote) 6 bytes (share-init) [1m[33m[built][39m[22m [1m[33m[code generated][39m[22m
webpack 5.27.2 compiled [1m[32msuccessfully[39m[22m in 2311 ms
